   Compiling blog_app v0.33.3 (/home/ybc/Work/egui/crates/blog_app)
warning: blog_app@0.33.3: Found 9 unique math formulas
warning: blog_app@0.33.3: Formula already rendered: E = m c^2
warning: blog_app@0.33.3: Processing existing SVG for theme adaptation: E = m c^2
warning: blog_app@0.33.3: Successfully processed SVG for theme adaptation
warning: blog_app@0.33.3: Formula already rendered: x = (-b +- sqrt(b^2 - 4 a c)) / (2a)
warning: blog_app@0.33.3: Processing existing SVG for theme adaptation: x = (-b +- sqrt(b^2 - 4 a c)) / (2a)
warning: blog_app@0.33.3: Successfully processed SVG for theme adaptation
warning: blog_app@0.33.3: Formula already rendered: integral\_(-infinity)^infinity e^(-x^2) dif x = sqrt(pi)
warning: blog_app@0.33.3: Processing existing SVG for theme adaptation: integral\_(-infinity)^infinity e^(-x^2) dif x = sqrt(pi)
warning: blog_app@0.33.3: Successfully processed SVG for theme adaptation
warning: blog_app@0.33.3: Formula already rendered: mat(1, 2; 3, 4)
warning: blog_app@0.33.3: Processing existing SVG for theme adaptation: mat(1, 2; 3, 4)
warning: blog_app@0.33.3: Successfully processed SVG for theme adaptation
warning: blog_app@0.33.3: Formula already rendered: 3/2 + 5/4 = 11/4
warning: blog_app@0.33.3: Processing existing SVG for theme adaptation: 3/2 + 5/4 = 11/4
warning: blog_app@0.33.3: Successfully processed SVG for theme adaptation
warning: blog_app@0.33.3: Formula already rendered: sum\_(n=1)^infinity 1/n^2 = pi^2/6
warning: blog_app@0.33.3: Processing existing SVG for theme adaptation: sum\_(n=1)^infinity 1/n^2 = pi^2/6
warning: blog_app@0.33.3: Successfully processed SVG for theme adaptation
warning: blog_app@0.33.3: Formula already rendered: sum_(i=1)^n i = n(n+1)/2
warning: blog_app@0.33.3: Processing existing SVG for theme adaptation: sum_(i=1)^n i = n(n+1)/2
warning: blog_app@0.33.3: Successfully processed SVG for theme adaptation
warning: blog_app@0.33.3: Formula already rendered: a^2 + b^2 = c^2
warning: blog_app@0.33.3: Processing existing SVG for theme adaptation: a^2 + b^2 = c^2
warning: blog_app@0.33.3: Successfully processed SVG for theme adaptation
warning: blog_app@0.33.3: Formula already rendered: invalid { syntax }
warning: blog_app@0.33.3: Processing existing SVG for theme adaptation: invalid { syntax }
warning: blog_app@0.33.3: Manifest saved to: /home/ybc/Work/egui/crates/blog_app/assets/math/manifest.json
warning: blog_app@0.33.3: Generated embedded.rs at: /home/ybc/Work/egui/crates/blog_app/src/math/embedded.rs
warning: blog_app@0.33.3: Math processing completed successfully
warning: unused import: `RecommendedWatcher`
   --> crates/blog_app/src/posts/loader.rs:126:18
    |
126 |     use notify::{RecommendedWatcher, RecursiveMode, Watcher};
    |                  ^^^^^^^^^^^^^^^^^^
    |
    = note: `#[warn(unused_imports)]` (part of `#[warn(unused)]`) on by default

warning: function `watch_directory` is never used
   --> crates/blog_app/src/posts/loader.rs:125:8
    |
125 | pub fn watch_directory(dir: &Path) -> notify::Result<notify::RecommendedWatcher> {
    |        ^^^^^^^^^^^^^^^
    |
    = note: `#[warn(dead_code)]` (part of `#[warn(unused)]`) on by default

warning: `blog_app` (lib) generated 2 warnings (run `cargo fix --lib -p blog_app` to apply 1 suggestion)
    Finished `dev` profile [unoptimized + debuginfo] target(s) in 0.89s
     Running `target/debug/blog_web_server --port 8778`
🚀 Blog Web Server
   Mode: development
   Port: 8778
   Log level: debug
🔧 Starting development server...
🔧 Checking for required tools...
✅ All tools installed
🔨 Building WASM (debug)...
🔗 Generating JS bindings...
✅ Build complete: web_blog/dev
👀 Watching for file changes in crates/blog_app/
📁 Setting up file watcher...
✅ File watcher started successfully
📁 File watcher thread started
🌐 Starting HTTP server...
   Serving from: web_blog/dev
   URL: http://localhost:8778
🌐 HTTP server thread started, serving from: web_blog/dev
🌐 Starting HTTP server command: cd "web_blog/dev" && "basic-http-server" "--addr" "0.0.0.0:8778" "."
🌐 HTTP server started with PID: 1152403
[INFO ] basic-http-server 0.8.1
[INFO ] addr: http://0.0.0.0:8778
[INFO ] root dir: .
[INFO ] extensions: false

Press Ctrl+C to stop the server

📁 File changed: /home/ybc/Work/egui/crates/blog_app/posts/2026-02-25-test-latex.md
🔨 Starting rebuild...
🔨 Building WASM (debug)...
🔗 Generating JS bindings...
✅ Build complete: web_blog/dev
✅ Rebuild successful!
   Server is now serving updated files
   Refresh browser to see changes
📁 File changed: /home/ybc/Work/egui/crates/blog_app/posts/2026-02-25-test-latex.md
🔨 Starting rebuild...
🔨 Building WASM (debug)...
🔗 Generating JS bindings...
✅ Build complete: web_blog/dev
✅ Rebuild successful!
   Server is now serving updated files
   Refresh browser to see changes
📁 File changed: /home/ybc/Work/egui/crates/blog_app/posts/2026-02-25-test-latex.md
🔨 Starting rebuild...
🔨 Building WASM (debug)...
🔗 Generating JS bindings...
✅ Build complete: web_blog/dev
✅ Rebuild successful!
   Server is now serving updated files
   Refresh browser to see changes
📁 File changed: /home/ybc/Work/egui/crates/blog_app/src/lib.rs
🔨 Starting rebuild...
🔨 Building WASM (debug)...
🔗 Generating JS bindings...
✅ Build complete: web_blog/dev
✅ Rebuild successful!
   Server is now serving updated files
   Refresh browser to see changes
📁 File changed: /home/ybc/Work/egui/crates/blog_app/src/lib.rs
🔨 Starting rebuild...
🔨 Building WASM (debug)...
🔗 Generating JS bindings...
✅ Build complete: web_blog/dev
✅ Rebuild successful!
   Server is now serving updated files
   Refresh browser to see changes
